<?xml version="1.0" encoding="utf-8"?><testsuites name="pytest tests"><testsuite name="pytest" errors="0" failures="2" skipped="0" tests="27" time="2.066" timestamp="2026-01-23T11:08:26.629502+00:00" hostname="agent-env-1e041cbe-b5a2-4a03-8fba-25132a534187"><testcase classname="backend.tests.test_api.TestHealthCheck" name="test_api_root" time="0.074" /><testcase classname="backend.tests.test_api.TestAuthentication" name="test_register_user" time="0.291" /><testcase classname="backend.tests.test_api.TestAuthentication" name="test_login_user" time="0.261" /><testcase classname="backend.tests.test_api.TestAuthentication" name="test_login_invalid_credentials" time="0.040" /><testcase classname="backend.tests.test_api.TestAuthentication" name="test_get_current_user" time="0.036" /><testcase classname="backend.tests.test_api.TestAuthentication" name="test_update_preferences" time="0.074" /><testcase classname="backend.tests.test_api.TestAIConfig" name="test_get_ai_config" time="0.043" /><testcase classname="backend.tests.test_api.TestAIConfig" name="test_update_ai_config" time="0.080" /><testcase classname="backend.tests.test_api.TestMealPlans" name="test_create_meal_plan_without_ai" time="0.042" /><testcase classname="backend.tests.test_api.TestMealPlans" name="test_get_meal_plans" time="0.041" /><testcase classname="backend.tests.test_api.TestMealPlans" name="test_get_single_meal_plan" time="0.035" /><testcase classname="backend.tests.test_api.TestMealPlans" name="test_update_meal_plan" time="0.112" /><testcase classname="backend.tests.test_api.TestSupplements" name="test_get_supplements" time="0.034" /><testcase classname="backend.tests.test_api.TestSupplements" name="test_add_user_supplement" time="0.041" /><testcase classname="backend.tests.test_api.TestSupplements" name="test_get_user_supplements" time="0.033" /><testcase classname="backend.tests.test_api.TestSupplements" name="test_update_user_supplement" time="0.035" /><testcase classname="backend.tests.test_api.TestSupplements" name="test_log_supplement" time="0.040" /><testcase classname="backend.tests.test_api.TestSupplements" name="test_get_supplement_logs" time="0.037" /><testcase classname="backend.tests.test_api.TestShoppingLists" name="test_generate_shopping_list" time="0.041" /><testcase classname="backend.tests.test_api.TestShoppingLists" name="test_get_shopping_lists" time="0.036" /><testcase classname="backend.tests.test_api.TestSubscription" name="test_checkout_monthly" time="0.207"><failure message="AssertionError: Checkout failed: {&quot;detail&quot;:&quot;Failed to create subscription price&quot;}&#10;assert 520 in [200, 500]&#10; +  where 520 = &lt;Response [520]&gt;.status_code">backend/tests/test_api.py:375: in test_checkout_monthly
    assert response.status_code in [200, 500], f"Checkout failed: {response.text}"
E   AssertionError: Checkout failed: {"detail":"Failed to create subscription price"}
E   assert 520 in [200, 500]
E    +  where 520 = &lt;Response [520]&gt;.status_code</failure></testcase><testcase classname="backend.tests.test_api.TestSubscription" name="test_checkout_yearly" time="0.064"><failure message="assert 520 in [200, 500]&#10; +  where 520 = &lt;Response [520]&gt;.status_code">backend/tests/test_api.py:394: in test_checkout_yearly
    assert response.status_code in [200, 500]
E   assert 520 in [200, 500]
E    +  where 520 = &lt;Response [520]&gt;.status_code</failure></testcase><testcase classname="backend.tests.test_api.TestSubscription" name="test_subscription_details" time="0.036" /><testcase classname="backend.tests.test_api.TestPromoCode" name="test_redeem_invalid_promo" time="0.037" /><testcase classname="backend.tests.test_api.TestOAuthStatus" name="test_oauth_status" time="0.033" /><testcase classname="backend.tests.test_api.TestCleanup" name="test_delete_user_supplement" time="0.077" /><testcase classname="backend.tests.test_api.TestCleanup" name="test_delete_meal_plan" time="0.076" /></testsuite></testsuites>